install.ts:31 [AppStore] loading 6 repositories from store
install.ts:31 [AppStore] found account: dr-madatsin (dr-madatsin)
install.ts:31 launching: 1.3.2 (Windows 10.0.17134)
install.ts:31 execPath: 'C:\Users\endorphia\AppData\Local\GitHubDesktop\app-1.3.2\GitHubDesktop.exe'
app.tsx:199 App ready time: 62.03071899712086ms
app.tsx:200 Load time: 5231.900492995977ms
app.tsx:201 Renderer ready time: 6346.515000000001ms
install.ts:31 Executing getRemotes: git remote -v (took 7.793s)
install.ts:31 Executing getStatus: git status --untracked-files=all --branch --porcelain=2 -z (took 5.795s)
install.ts:31 [AppStore.withAuthenticatingUser] account found for repository: cccmolth - dr-madatsin (has token)
install.ts:31 Executing getStatus: git status --untracked-files=all --branch --porcelain=2 -z (took 6.126s)
install.ts:31 Executing getStatus: git status --untracked-files=all --branch --porcelain=2 -z (took 3.640s)
install.ts:31 Executing getStatus: git status --untracked-files=all --branch --porcelain=2 -z (took 6.478s)
install.ts:31 Executing getStatus: git status --untracked-files=all --branch --porcelain=2 -z (took 4.446s)
install.ts:31 Executing getStatus: git status --untracked-files=all --branch --porcelain=2 -z (took 7.361s)
install.ts:31 Executing getStatus: git status --untracked-files=all --branch --porcelain=2 -z (took 7.301s)
install.ts:31 Executing getStatus: git status --untracked-files=all --branch --porcelain=2 -z (took 1.548s)
install.ts:31 Executing getCommits: git log 61fee6926cc5a79329b7fa7ae9d93b30ff41339a --date=raw --max-count=1 --pretty=%H%x1F%s%x1F%b%x1F%an <%ae> %ad%x1F%cn <%ce> %cd%x1F%P%x1F%(trailers:unfold,only) -z --no-color -- (took 1.852s)
install.ts:31 Executing getCommits: git log c1bea703c61c4029aad67d4b2c3943d7a6235ac1 --date=raw --max-count=1 --pretty=%H%x1F%s%x1F%b%x1F%an <%ae> %ad%x1F%cn <%ce> %cd%x1F%P%x1F%(trailers:unfold,only) -z --no-color -- (took 1.823s)
install.ts:31 Executing getCommits: git log 5bccf62ad371c7c76a0ba53d94237993d2760ceb --date=raw --max-count=1 --pretty=%H%x1F%s%x1F%b%x1F%an <%ae> %ad%x1F%cn <%ce> %cd%x1F%P%x1F%(trailers:unfold,only) -z --no-color -- (took 2.329s)
install.ts:31 Executing getCommits: git log da380cef7d15960e285bbe208a0d5f92878e4e04 --date=raw --max-count=1 --pretty=%H%x1F%s%x1F%b%x1F%an <%ae> %ad%x1F%cn <%ce> %cd%x1F%P%x1F%(trailers:unfold,only) -z --no-color -- (took 2.359s)
install.ts:31 Executing getCommits: git log 0811a8621d199e6e5acbc0649dd7ce30da1938c3 --date=raw --max-count=1 --pretty=%H%x1F%s%x1F%b%x1F%an <%ae> %ad%x1F%cn <%ce> %cd%x1F%P%x1F%(trailers:unfold,only) -z --no-color -- (took 2.449s)
install.ts:31 Executing getCommits: git log da380cef7d15960e285bbe208a0d5f92878e4e04 --date=raw --max-count=1 --pretty=%H%x1F%s%x1F%b%x1F%an <%ae> %ad%x1F%cn <%ce> %cd%x1F%P%x1F%(trailers:unfold,only) -z --no-color -- (took 3.863s)
install.ts:31 Executing getCommits: git log da380cef7d15960e285bbe208a0d5f92878e4e04 --date=raw --max-count=1 --pretty=%H%x1F%s%x1F%b%x1F%an <%ae> %ad%x1F%cn <%ce> %cd%x1F%P%x1F%(trailers:unfold,only) -z --no-color -- (took 3.526s)
install.ts:31 Executing getConfigValueInPath: git config -z trailer.separators (took 3.215s)
install.ts:31 Executing getConfigValueInPath: git config -z trailer.separators (took 3.463s)
install.ts:31 [AppStore.withAuthenticatingUser] account found for repository: swagger - dr-madatsin (has token)
install.ts:31 Executing getConfigValueInPath: git config -z trailer.separators (took 2.736s)
install.ts:31 Executing getConfigValueInPath: git config -z trailer.separators (took 2.290s)
install.ts:31 Executing getConfigValueInPath: git config -z trailer.separators (took 2.310s)
install.ts:31 Executing getConfigValueInPath: git config -z trailer.separators (took 3.584s)
install.ts:31 Executing getConfigValueInPath: git config -z trailer.separators (took 2.918s)
install.ts:31 Executing getRemotes: git remote -v (took 3.871s)
install.ts:31 Executing getRemotes: git remote -v (took 3.761s)
install.ts:31 Executing getRemotes: git remote -v (took 2.493s)
install.ts:31 Executing getBranches: git for-each-ref --format=%(refname)%00%(refname:short)%00%(upstream:short)%00%(objectname)%00%(author)%00%(committer)%00%(parent)%00%(symref)%00%(subject)%00%(body)%00%(trailers:unfold,only)%00%1F refs/heads refs/remotes (took 3.706s)
install.ts:31 Executing getRecentBranches: git log -g --no-abbrev-commit --pretty=oneline HEAD -n 2500 -- (took 3.202s)
install.ts:31 Executing getRemotes: git remote -v (took 2.740s)
install.ts:31 Executing getBranches: git for-each-ref --format=%(refname)%00%(refname:short)%00%(upstream:short)%00%(objectname)%00%(author)%00%(committer)%00%(parent)%00%(symref)%00%(subject)%00%(body)%00%(trailers:unfold,only)%00%1F refs/heads refs/remotes (took 2.632s)
install.ts:31 Executing getRecentBranches: git log -g --no-abbrev-commit --pretty=oneline HEAD -n 2500 -- (took 2.603s)
install.ts:31 Executing getConfigValueInPath: git config -z trailer.separators (took 1.539s)
install.ts:31 Executing getConfigValueInPath: git config -z trailer.separators (took 1.324s)
install.ts:31 Executing getCommits: git log HEAD --date=raw --max-count=100 --pretty=%H%x1F%s%x1F%b%x1F%an <%ae> %ad%x1F%cn <%ce> %cd%x1F%P%x1F%(trailers:unfold,only) -z --no-color --not --remotes -- (took 2.165s)
install.ts:31 Executing installGlobalLFSFilter: git lfs install --skip-repo (took 14.382s)
install.ts:31 Executing getRemotes: git remote -v (took 2.229s)
install.ts:31 Executing getAuthorIdentity: git var GIT_AUTHOR_IDENT (took 2.456s)
install.ts:31 Executing getCommits: git log HEAD --date=raw --max-count=100 --pretty=%H%x1F%s%x1F%b%x1F%an <%ae> %ad%x1F%cn <%ce> %cd%x1F%P%x1F%(trailers:unfold,only) -z --no-color --not --remotes -- (took 2.087s)
install.ts:31 Executing getRemotes: git remote -v (took 2.127s)
install.ts:31 Executing getAuthorIdentity: git var GIT_AUTHOR_IDENT (took 2.376s)
install.ts:31 Executing getConfigValueInPath: git config -z trailer.separators (took 1.433s)
install.ts:31 Executing getConfigValueInPath: git config -z trailer.separators (took 1.923s)
install.ts:31 Executing getCommits: git log HEAD --date=raw --max-count=100 --pretty=%H%x1F%s%x1F%b%x1F%an <%ae> %ad%x1F%cn <%ce> %cd%x1F%P%x1F%(trailers:unfold,only) -z --no-color -- (took 2.889s)
install.ts:31 Executing getStatus: git status --untracked-files=all --branch --porcelain=2 -z (took 3.327s)
install.ts:31 Executing getStatus: git status --untracked-files=all --branch --porcelain=2 -z (took 3.899s)
install.ts:31 Executing getConfigValueInPath: git config -z trailer.separators (took 4.719s)
install.ts:31 Executing getRemotes: git remote -v (took 4.185s)
install.ts:31 Executing getRemotes: git remote -v (took 3.255s)
install.ts:31 Executing getChangedFiles: git log da380cef7d15960e285bbe208a0d5f92878e4e04 -C -M -m -1 --first-parent --name-status --format=format: -z -- (took 1.555s)
install.ts:31 Executing getCommitDiff: git log da380cef7d15960e285bbe208a0d5f92878e4e04 -m -1 --first-parent --patch-with-raw -z --no-color -- .gitattributes (took 2.528s)
install.ts:31 Executing getTopLevelWorkingDirectory: git rev-parse --show-cdup (took 1.719s)
install.ts:31 Executing getStatus: git status --untracked-files=all --branch --porcelain=2 -z (took 1.512s)
install.ts:31 Executing getStatus: git status --untracked-files=all --branch --porcelain=2 -z (took 1.865s)
install.ts:31 Executing getStatus: git status --untracked-files=all --branch --porcelain=2 -z (took 2.286s)
install.ts:31 Executing getRecentBranches: git log -g --no-abbrev-commit --pretty=oneline HEAD -n 2500 -- (took 1.718s)
install.ts:31 Executing getBranches: git for-each-ref --format=%(refname)%00%(refname:short)%00%(upstream:short)%00%(objectname)%00%(author)%00%(committer)%00%(parent)%00%(symref)%00%(subject)%00%(body)%00%(trailers:unfold,only)%00%1F refs/heads refs/remotes (took 2.112s)
install.ts:31 Executing getBranches: git for-each-ref --format=%(refname)%00%(refname:short)%00%(upstream:short)%00%(objectname)%00%(author)%00%(committer)%00%(parent)%00%(symref)%00%(subject)%00%(body)%00%(trailers:unfold,only)%00%1F refs/heads refs/remotes (took 1.864s)
install.ts:31 Executing getRecentBranches: git log -g --no-abbrev-commit --pretty=oneline HEAD -n 2500 -- (took 2.126s)
install.ts:31 Executing getBranches: git for-each-ref --format=%(refname)%00%(refname:short)%00%(upstream:short)%00%(objectname)%00%(author)%00%(committer)%00%(parent)%00%(symref)%00%(subject)%00%(body)%00%(trailers:unfold,only)%00%1F refs/heads refs/remotes (took 2.090s)
install.ts:31 Executing getRecentBranches: git log -g --no-abbrev-commit --pretty=oneline HEAD -n 2500 -- (took 2.131s)
install.ts:31 Executing getConfigValueInPath: git config -z trailer.separators (took 1.375s)
install.ts:31 Executing getConfigValueInPath: git config -z trailer.separators (took 1.627s)
install.ts:31 Executing getTopLevelWorkingDirectory: git rev-parse --show-cdup (took 2.193s)
install.ts:31 [AppStore] adding repository at C:\Users\endorphia\Documents\bug hunter to store
install.ts:31 Executing getConfigValueInPath: git config -z trailer.separators (took 2.072s)
install.ts:31 Executing getRemotes: git remote -v (took 2.941s)
install.ts:31 Executing getAuthorIdentity: git var GIT_AUTHOR_IDENT (took 3.370s)
renderer.js:41 Executing getCommits: git log HEAD --date=raw --max-count=100 --pretty=%H%x1F%s%x1F%b%x1F%an <%ae> %ad%x1F%cn <%ce> %cd%x1F%P%x1F%(trailers:unfold,only) -z --no-color --not --remotes -- (took 4.065s)
renderer.js:41 Executing getRemotes: git remote -v (took 3.822s)
renderer.js:41 Executing getAuthorIdentity: git var GIT_AUTHOR_IDENT (took 4.751s)
renderer.js:41 Executing getCommits: git log HEAD --date=raw --max-count=100 --pretty=%H%x1F%s%x1F%b%x1F%an <%ae> %ad%x1F%cn <%ce> %cd%x1F%P%x1F%(trailers:unfold,only) -z --no-color --not --remotes -- (took 4.987s)
renderer.js:41 Executing getRemotes: git remote -v (took 4.889s)
renderer.js:41 Executing getRemotes: git remote -v (took 4.696s)
renderer.js:41 Executing getCommits: git log HEAD --date=raw --max-count=100 --pretty=%H%x1F%s%x1F%b%x1F%an <%ae> %ad%x1F%cn <%ce> %cd%x1F%P%x1F%(trailers:unfold,only) -z --no-color --not --remotes -- (took 5.136s)
renderer.js:41 Executing getAuthorIdentity: git var GIT_AUTHOR_IDENT (took 5.095s)
renderer.js:41 Executing getConfigValueInPath: git config -z trailer.separators (took 3.402s)
renderer.js:41 Executing getConfigValueInPath: git config -z trailer.separators (took 2.632s)
renderer.js:41 Executing getConfigValueInPath: git config -z trailer.separators (took 2.220s)
renderer.js:41 Executing getCommits: git log HEAD --date=raw --max-count=100 --pretty=%H%x1F%s%x1F%b%x1F%an <%ae> %ad%x1F%cn <%ce> %cd%x1F%P%x1F%(trailers:unfold,only) -z --no-color -- (took 1.689s)
renderer.js:41 Executing getStatus: git status --untracked-files=all --branch --porcelain=2 -z (took 1.706s)
renderer.js:41 Executing getStatus: git status --untracked-files=all --branch --porcelain=2 -z (took 1.953s)
renderer.js:41 Executing getStatus: git status --untracked-files=all --branch --porcelain=2 -z (took 1.579s)
renderer.js:41 Executing getConfigValueInPath: git config -z trailer.separators (took 1.530s)
renderer.js:41 Executing getRemotes: git remote -v (took 1.927s)
renderer.js:41 Executing getRemotes: git remote -v (took 1.422s)
renderer.js:41 Executing getRemotes: git remote -v (took 1.262s)
renderer.js:41 Executing isUsingLFS: git lfs track (took 12.769s)
renderer.js:41 Executing getRemotes: git remote -v (took 1.003s)
renderer.js:41 Executing getStatus: git status --untracked-files=all --branch --porcelain=2 -z (took 1.040s)
renderer.js:41 Executing getCommits: git log HEAD --date=raw --max-count=100 --pretty=%H%x1F%s%x1F%b%x1F%an <%ae> %ad%x1F%cn <%ce> %cd%x1F%P%x1F%(trailers:unfold,only) -z --no-color --not --remotes -- (took 1.079s)
renderer.js:41 Executing getRemotes: git remote -v (took 1.256s)
renderer.js:41 Executing getAuthorIdentity: git var GIT_AUTHOR_IDENT (took 1.356s)
renderer.js:41 Executing getCommits: git log HEAD --date=raw --max-count=100 --pretty=%H%x1F%s%x1F%b%x1F%an <%ae> %ad%x1F%cn <%ce> %cd%x1F%P%x1F%(trailers:unfold,only) -z --no-color -- (took 1.216s)
renderer.js:41 Executing getStatus: git status --untracked-files=all --branch --porcelain=2 -z (took 1.213s)
renderer.js:41 Executing getConfigValueInPath: git config -z trailer.separators (took 1.986s)
renderer.js:41 Executing getRemotes: git remote -v (took 2.048s)
renderer.js:41 Executing getRecentBranches: git log -g --no-abbrev-commit --pretty=oneline HEAD -n 2500 -- (took 1.200s)
renderer.js:41 Executing getCommits: git log HEAD --date=raw --max-count=100 --pretty=%H%x1F%s%x1F%b%x1F%an <%ae> %ad%x1F%cn <%ce> %cd%x1F%P%x1F%(trailers:unfold,only) -z --no-color --not --remotes -- (took 1.132s)
renderer.js:41 Executing getAuthorIdentity: git var GIT_AUTHOR_IDENT (took 1.309s)
renderer.js:41 Executing getCommits: git log HEAD --date=raw --max-count=100 --pretty=%H%x1F%s%x1F%b%x1F%an <%ae> %ad%x1F%cn <%ce> %cd%x1F%P%x1F%(trailers:unfold,only) -z --no-color -- (took 1.243s)
renderer.js:41 Executing getStatus: git status --untracked-files=all --branch --porcelain=2 -z (took 1.348s)
renderer.js:41 Executing getConfigValueInPath: git config -z trailer.separators (took 1.446s)
renderer.js:41 Executing getRemotes: git remote -v (took 1.418s)
renderer.js:41 Executing getTopLevelWorkingDirectory: git rev-parse --show-cdup (took 11.758s)
path.js:28 Uncaught (in promise) TypeError: Path must be a string. Received undefined
    at assertPath (path.js:28:11)
    at Object.normalize (path.js:346:5)
    at e.find (file:///C:/Users/endorphia/AppData/Local/GitHubDesktop/app-1.3.2/resources/app/renderer.js:14:30491)
    at Array.find (native)
    at Object.t.matchExistingRepository (file:///C:/Users/endorphia/AppData/Local/GitHubDesktop/app-1.3.2/resources/app/renderer.js:14:30443)
    at le.handleDragAndDrop (file:///C:/Users/endorphia/AppData/Local/GitHubDesktop/app-1.3.2/resources/app/renderer.js:25:134057)
    at <anonymous>
    at process._tickCallback (internal/process/next_tick.js:188:7)
renderer.js:41 Executing getTopLevelWorkingDirectory: git rev-parse --show-cdup (took 1.461s)
renderer.js:41 Executing getRemotes: git remote -v (took 1.787s)
renderer.js:41 Executing getAuthorIdentity: git var GIT_AUTHOR_IDENT (took 2.058s)
renderer.js:41 Executing getCommits: git log HEAD --date=raw --max-count=100 --pretty=%H%x1F%s%x1F%b%x1F%an <%ae> %ad%x1F%cn <%ce> %cd%x1F%P%x1F%(trailers:unfold,only) -z --no-color --not --remotes -- (took 2.285s)
renderer.js:41 Executing initGitRepository: git init (took 1.896s)
renderer.js:41 [AppStore] adding repository at C:\Users\endorphia\Documents\GitHub\adds-bug-hunter to store
renderer.js:41 Executing getRemotes: git remote -v (took 2.113s)
renderer.js:41 Executing isUsingLFS: git lfs track (took 6.800s)
renderer.js:41 Executing updateIndex: git update-index --add --remove --replace -z --stdin (took 1.519s)
renderer.js:41 Executing createCommit: git commit -F - (took 1.532s)
renderer.js:41 Executing getRemotes: git remote -v (took 1.078s)
renderer.js:41 Executing getAuthorIdentity: git var GIT_AUTHOR_IDENT (took 1.143s)
renderer.js:41 Executing getChangedFiles: git log 43f12fc5f40f15243410509b88fc8ae5bcf0f302 -C -M -m -1 --first-parent --name-status --format=format: -z -- (took 1.041s)
